# JRE version: Java(TM) SE Runtime Environment (8.0_45-b15) (build 1.8.0_45-b15)
# Java VM: Java HotSpot(TM) 64-Bit Server VM (25.45-b02 mixed mode windows-amd64 compressed oops)
Heap:
 PSYoungGen      total 19968K, used 15888K [0x00000000eb600000, 0x00000000ed880000, 0x0000000100000000)
  eden space 15872K, 76% used [0x00000000eb600000,0x00000000ec1d82a8,0x00000000ec580000)
  from space 4096K, 91% used [0x00000000ed480000,0x00000000ed82c040,0x00000000ed880000)
  to   space 5120K, 0% used [0x00000000ece80000,0x00000000ece80000,0x00000000ed380000)
 ParOldGen       total 42496K, used 5060K [0x00000000c2200000, 0x00000000c4b80000, 0x00000000eb600000)
  object space 42496K, 11% used [0x00000000c2200000,0x00000000c26f1180,0x00000000c4b80000)
 Metaspace       used 14929K, capacity 15162K, committed 15232K, reserved 1062912K
  class space    used 1826K, capacity 1891K, committed 1920K, reserved 1048576K
GC Heap History (10 events):
Event: 9.565 GC heap before
{Heap before GC invocations=8 (full 0):
 PSYoungGen      total 19968K, used 17766K [0x00000000eb600000, 0x00000000edd00000, 0x0000000100000000)
  eden space 15872K, 99% used [0x00000000eb600000,0x00000000ec577ae0,0x00000000ec580000)
  from space 4096K, 47% used [0x00000000ec580000,0x00000000ec762020,0x00000000ec980000)
  to   space 4096K, 0% used [0x00000000ed900000,0x00000000ed900000,0x00000000edd00000)
 ParOldGen       total 42496K, used 3156K [0x00000000c2200000, 0x00000000c4b80000, 0x00000000eb600000)
  object space 42496K, 7% used [0x00000000c2200000,0x00000000c2515160,0x00000000c4b80000)
 Metaspace       used 14814K, capacity 15098K, committed 15232K, reserved 1062912K
  class space    used 1824K, capacity 1891K, committed 1920K, reserved 1048576K
Event: 9.567 GC heap after
Heap after GC invocations=8 (full 0):
 PSYoungGen      total 18944K, used 2828K [0x00000000eb600000, 0x00000000edc00000, 0x0000000100000000)
  eden space 15872K, 0% used [0x00000000eb600000,0x00000000eb600000,0x00000000ec580000)
  from space 3072K, 92% used [0x00000000ed900000,0x00000000edbc3030,0x00000000edc00000)
  to   space 4096K, 0% used [0x00000000ed400000,0x00000000ed400000,0x00000000ed800000)
 ParOldGen       total 42496K, used 3180K [0x00000000c2200000, 0x00000000c4b80000, 0x00000000eb600000)
  object space 42496K, 7% used [0x00000000c2200000,0x00000000c251b160,0x00000000c4b80000)
 Metaspace       used 14814K, capacity 15098K, committed 15232K, reserved 1062912K
  class space    used 1824K, capacity 1891K, committed 1920K, reserved 1048576K
}
Event: 9.885 GC heap before
{Heap before GC invocations=9 (full 0):
 PSYoungGen      total 18944K, used 18670K [0x00000000eb600000, 0x00000000edc00000, 0x0000000100000000)
  eden space 15872K, 99% used [0x00000000eb600000,0x00000000ec578848,0x00000000ec580000)
  from space 3072K, 92% used [0x00000000ed900000,0x00000000edbc3030,0x00000000edc00000)
  to   space 4096K, 0% used [0x00000000ed400000,0x00000000ed400000,0x00000000ed800000)
 ParOldGen       total 42496K, used 3180K [0x00000000c2200000, 0x00000000c4b80000, 0x00000000eb600000)
  object space 42496K, 7% used [0x00000000c2200000,0x00000000c251b160,0x00000000c4b80000)
 Metaspace       used 14821K, capacity 15098K, committed 15232K, reserved 1062912K
  class space    used 1824K, capacity 1891K, committed 1920K, reserved 1048576K
Event: 9.887 GC heap after
Heap after GC invocations=9 (full 0):
 PSYoungGen      total 19968K, used 3760K [0x00000000eb600000, 0x00000000ed980000, 0x0000000100000000)
  eden space 15872K, 0% used [0x00000000eb600000,0x00000000eb600000,0x00000000ec580000)
  from space 4096K, 91% used [0x00000000ed400000,0x00000000ed7ac040,0x00000000ed800000)
  to   space 1536K, 0% used [0x00000000ed800000,0x00000000ed800000,0x00000000ed980000)
 ParOldGen       total 42496K, used 3196K [0x00000000c2200000, 0x00000000c4b80000, 0x00000000eb600000)
  object space 42496K, 7% used [0x00000000c2200000,0x00000000c251f160,0x00000000c4b80000)
 Metaspace       used 14821K, capacity 15098K, committed 15232K, reserved 1062912K
  class space    used 1824K, capacity 1891K, committed 1920K, reserved 1048576K
}
Event: 10.237 GC heap before
{Heap before GC invocations=10 (full 0):
 PSYoungGen      total 19968K, used 19630K [0x00000000eb600000, 0x00000000ed980000, 0x0000000100000000)
  eden space 15872K, 99% used [0x00000000eb600000,0x00000000ec57fb48,0x00000000ec580000)
  from space 4096K, 91% used [0x00000000ed400000,0x00000000ed7ac040,0x00000000ed800000)
  to   space 1536K, 0% used [0x00000000ed800000,0x00000000ed800000,0x00000000ed980000)
 ParOldGen       total 42496K, used 3196K [0x00000000c2200000, 0x00000000c4b80000, 0x00000000eb600000)
  object space 42496K, 7% used [0x00000000c2200000,0x00000000c251f160,0x00000000c4b80000)
 Metaspace       used 14853K, capacity 15098K, committed 15232K, reserved 1062912K
  class space    used 1824K, capacity 1891K, committed 1920K, reserved 1048576K
Event: 10.239 GC heap after
Heap after GC invocations=10 (full 0):
 PSYoungGen      total 17408K, used 1060K [0x00000000eb600000, 0x00000000ed980000, 0x0000000100000000)
  eden space 15872K, 0% used [0x00000000eb600000,0x00000000eb600000,0x00000000ec580000)
  from space 1536K, 69% used [0x00000000ed800000,0x00000000ed909010,0x00000000ed980000)
  to   space 4608K, 0% used [0x00000000ed080000,0x00000000ed080000,0x00000000ed500000)
 ParOldGen       total 42496K, used 5012K [0x00000000c2200000, 0x00000000c4b80000, 0x00000000eb600000)
  object space 42496K, 11% used [0x00000000c2200000,0x00000000c26e5180,0x00000000c4b80000)
 Metaspace       used 14853K, capacity 15098K, committed 15232K, reserved 1062912K
  class space    used 1824K, capacity 1891K, committed 1920K, reserved 1048576K
}
Event: 10.558 GC heap before
{Heap before GC invocations=11 (full 0):
 PSYoungGen      total 17408K, used 16869K [0x00000000eb600000, 0x00000000ed980000, 0x0000000100000000)
  eden space 15872K, 99% used [0x00000000eb600000,0x00000000ec570738,0x00000000ec580000)
  from space 1536K, 69% used [0x00000000ed800000,0x00000000ed909010,0x00000000ed980000)
  to   space 4608K, 0% used [0x00000000ed080000,0x00000000ed080000,0x00000000ed500000)
 ParOldGen       total 42496K, used 5012K [0x00000000c2200000, 0x00000000c4b80000, 0x00000000eb600000)
  object space 42496K, 11% used [0x00000000c2200000,0x00000000c26e5180,0x00000000c4b80000)
 Metaspace       used 14856K, capacity 15098K, committed 15232K, reserved 1062912K
  class space    used 1824K, capacity 1891K, committed 1920K, reserved 1048576K
Event: 10.560 GC heap after
Heap after GC invocations=11 (full 0):
 PSYoungGen      total 19968K, used 3760K [0x00000000eb600000, 0x00000000ed880000, 0x0000000100000000)
  eden space 15872K, 0% used [0x00000000eb600000,0x00000000eb600000,0x00000000ec580000)
  from space 4096K, 91% used [0x00000000ed080000,0x00000000ed42c040,0x00000000ed480000)
  to   space 4096K, 0% used [0x00000000ed480000,0x00000000ed480000,0x00000000ed880000)
 ParOldGen       total 42496K, used 5036K [0x00000000c2200000, 0x00000000c4b80000, 0x00000000eb600000)
  object space 42496K, 11% used [0x00000000c2200000,0x00000000c26eb180,0x00000000c4b80000)
 Metaspace       used 14856K, capacity 15098K, committed 15232K, reserved 1062912K
  class space    used 1824K, capacity 1891K, committed 1920K, reserved 1048576K
}
Event: 10.877 GC heap before
{Heap before GC invocations=12 (full 0):
 PSYoungGen      total 19968K, used 18852K [0x00000000eb600000, 0x00000000ed880000, 0x0000000100000000)
  eden space 15872K, 95% used [0x00000000eb600000,0x00000000ec4bd030,0x00000000ec580000)
  from space 4096K, 91% used [0x00000000ed080000,0x00000000ed42c040,0x00000000ed480000)
  to   space 4096K, 0% used [0x00000000ed480000,0x00000000ed480000,0x00000000ed880000)
 ParOldGen       total 42496K, used 5036K [0x00000000c2200000, 0x00000000c4b80000, 0x00000000eb600000)
  object space 42496K, 11% used [0x00000000c2200000,0x00000000c26eb180,0x00000000c4b80000)
 Metaspace       used 14926K, capacity 15162K, committed 15232K, reserved 1062912K
  class space    used 1826K, capacity 1891K, committed 1920K, reserved 1048576K
Event: 10.879 GC heap after
Heap after GC invocations=12 (full 0):
 PSYoungGen      total 19968K, used 3760K [0x00000000eb600000, 0x00000000ed880000, 0x0000000100000000)
  eden space 15872K, 0% used [0x00000000eb600000,0x00000000eb600000,0x00000000ec580000)
  from space 4096K, 91% used [0x00000000ed480000,0x00000000ed82c040,0x00000000ed880000)
  to   space 5120K, 0% used [0x00000000ece80000,0x00000000ece80000,0x00000000ed380000)
 ParOldGen       total 42496K, used 5060K [0x00000000c2200000, 0x00000000c4b80000, 0x00000000eb600000)
  object space 42496K, 11% used [0x00000000c2200000,0x00000000c26f1180,0x00000000c4b80000)
 Metaspace       used 14926K, capacity 15162K, committed 15232K, reserved 1062912K
  class space    used 1826K, capacity 1891K, committed 1920K, reserved 1048576K
}

